2025-09-05 14:34:39,584 - INFO - ==================================================
2025-09-05 14:34:39,585 - INFO - Starting Chess Player Modeling at 2025-09-05 14:34:39.585206
2025-09-05 14:34:39,585 - INFO - ==================================================
2025-09-05 14:34:39,585 - INFO - Fetching archives from: https://api.chess.com/pub/player/iambronze/games/archives
2025-09-05 14:34:39,846 - INFO - Found 28 monthly archives
2025-09-05 14:34:39,849 - INFO - Starting game parsing...
2025-09-05 14:34:40,196 - WARNING - Error parsing game: module 'chess' has no attribute 'pgn'
2025-09-05 14:34:40,197 - WARNING - Error parsing game: module 'chess' has no attribute 'pgn'
2025-09-05 14:34:40,198 - WARNING - Error parsing game: module 'chess' has no attribute 'pgn'
2025-09-05 14:34:40,198 - WARNING - Error parsing game: module 'chess' has no attribute 'pgn'
2025-09-05 14:34:40,199 - WARNING - Error parsing game: module 'chess' has no attribute 'pgn'
2025-09-05 14:34:40,199 - WARNING - Error parsing game: module 'chess' has no attribute 'pgn'
2025-09-05 14:34:40,199 - WARNING - Error parsing game: module 'chess' has no attribute 'pgn'
2025-09-05 14:34:40,200 - WARNING - Error parsing game: module 'chess' has no attribute 'pgn'
2025-09-05 14:34:40,200 - WARNING - Error parsing game: module 'chess' has no attribute 'pgn'
2025-09-05 14:34:40,461 - WARNING - Error parsing game: module 'chess' has no attribute 'pgn'
2025-09-05 14:34:40,462 - WARNING - Error parsing game: module 'chess' has no attribute 'pgn'
2025-09-05 14:34:40,463 - WARNING - Error parsing game: module 'chess' has no attribute 'pgn'
2025-09-05 14:34:40,464 - WARNING - Error parsing game: module 'chess' has no attribute 'pgn'
2025-09-05 14:34:40,465 - WARNING - Error parsing game: module 'chess' has no attribute 'pgn'
2025-09-05 14:34:40,466 - WARNING - Error parsing game: module 'chess' has no attribute 'pgn'
2025-09-05 14:34:40,467 - WARNING - Error parsing game: module 'chess' has no attribute 'pgn'
2025-09-05 14:34:40,468 - WARNING - Error parsing game: module 'chess' has no attribute 'pgn'
2025-09-05 14:34:40,469 - WARNING - Error parsing game: module 'chess' has no attribute 'pgn'
2025-09-05 14:34:40,470 - WARNING - Error parsing game: module 'chess' has no attribute 'pgn'
2025-09-05 14:34:40,470 - WARNING - Error parsing game: module 'chess' has no attribute 'pgn'
2025-09-05 14:34:40,471 - WARNING - Error parsing game: module 'chess' has no attribute 'pgn'
2025-09-05 14:34:40,472 - WARNING - Error parsing game: module 'chess' has no attribute 'pgn'
2025-09-05 14:34:40,473 - WARNING - Error parsing game: module 'chess' has no attribute 'pgn'
2025-09-05 14:34:40,473 - WARNING - Error parsing game: module 'chess' has no attribute 'pgn'
2025-09-05 14:34:40,474 - WARNING - Error parsing game: module 'chess' has no attribute 'pgn'
2025-09-05 14:34:40,474 - WARNING - Error parsing game: module 'chess' has no attribute 'pgn'
2025-09-05 14:34:40,475 - WARNING - Error parsing game: module 'chess' has no attribute 'pgn'
2025-09-05 14:34:40,476 - WARNING - Error parsing game: module 'chess' has no attribute 'pgn'
2025-09-05 14:34:40,477 - WARNING - Error parsing game: module 'chess' has no attribute 'pgn'
2025-09-05 14:34:40,479 - WARNING - Error parsing game: module 'chess' has no attribute 'pgn'
2025-09-05 14:34:40,479 - WARNING - Error parsing game: module 'chess' has no attribute 'pgn'
2025-09-05 14:34:40,480 - WARNING - Error parsing game: module 'chess' has no attribute 'pgn'
2025-09-05 14:34:40,481 - WARNING - Error parsing game: module 'chess' has no attribute 'pgn'
2025-09-05 14:34:40,481 - WARNING - Error parsing game: module 'chess' has no attribute 'pgn'
2025-09-05 14:34:40,482 - WARNING - Error parsing game: module 'chess' has no attribute 'pgn'
2025-09-05 14:34:40,482 - WARNING - Error parsing game: module 'chess' has no attribute 'pgn'
2025-09-05 14:34:40,482 - WARNING - Error parsing game: module 'chess' has no attribute 'pgn'
2025-09-05 14:34:40,483 - WARNING - Error parsing game: module 'chess' has no attribute 'pgn'
2025-09-05 14:34:40,483 - WARNING - Error parsing game: module 'chess' has no attribute 'pgn'
2025-09-05 14:34:40,484 - WARNING - Error parsing game: module 'chess' has no attribute 'pgn'
2025-09-05 14:34:40,484 - WARNING - Error parsing game: module 'chess' has no attribute 'pgn'
2025-09-05 14:34:40,484 - WARNING - Error parsing game: module 'chess' has no attribute 'pgn'
2025-09-05 14:34:40,485 - WARNING - Error parsing game: module 'chess' has no attribute 'pgn'
2025-09-05 14:34:40,486 - WARNING - Error parsing game: module 'chess' has no attribute 'pgn'
2025-09-05 14:34:40,486 - WARNING - Error parsing game: module 'chess' has no attribute 'pgn'
2025-09-05 14:34:40,487 - WARNING - Error parsing game: module 'chess' has no attribute 'pgn'
2025-09-05 14:34:40,487 - WARNING - Error parsing game: module 'chess' has no attribute 'pgn'
2025-09-05 14:34:40,487 - WARNING - Error parsing game: module 'chess' has no attribute 'pgn'
2025-09-05 14:34:40,488 - WARNING - Error parsing game: module 'chess' has no attribute 'pgn'
2025-09-05 14:39:29,436 - INFO - ==================================================
2025-09-05 14:39:29,437 - INFO - Starting Chess Player Modeling at 2025-09-05 14:39:29.437476
2025-09-05 14:39:29,443 - INFO - ==================================================
2025-09-05 14:39:29,453 - INFO - Fetching archives from: https://api.chess.com/pub/player/iambronze/games/archives
2025-09-05 14:39:29,787 - INFO - Found 28 monthly archives
2025-09-05 14:39:29,806 - INFO - Starting game parsing...
2025-09-05 14:39:30,201 - WARNING - Error parsing game: module 'chess' has no attribute 'pgn'
2025-09-05 14:39:30,202 - WARNING - Error parsing game: module 'chess' has no attribute 'pgn'
2025-09-05 14:39:30,203 - WARNING - Error parsing game: module 'chess' has no attribute 'pgn'
2025-09-05 14:39:30,204 - WARNING - Error parsing game: module 'chess' has no attribute 'pgn'
2025-09-05 14:39:30,205 - WARNING - Error parsing game: module 'chess' has no attribute 'pgn'
2025-09-05 14:39:30,206 - WARNING - Error parsing game: module 'chess' has no attribute 'pgn'
2025-09-05 14:39:30,207 - WARNING - Error parsing game: module 'chess' has no attribute 'pgn'
2025-09-05 14:39:30,208 - WARNING - Error parsing game: module 'chess' has no attribute 'pgn'
2025-09-05 14:39:30,209 - WARNING - Error parsing game: module 'chess' has no attribute 'pgn'
2025-09-05 14:39:30,464 - WARNING - Error parsing game: module 'chess' has no attribute 'pgn'
2025-09-05 14:39:30,465 - WARNING - Error parsing game: module 'chess' has no attribute 'pgn'
2025-09-05 14:39:30,466 - WARNING - Error parsing game: module 'chess' has no attribute 'pgn'
2025-09-05 14:39:30,467 - WARNING - Error parsing game: module 'chess' has no attribute 'pgn'
2025-09-05 14:39:30,467 - WARNING - Error parsing game: module 'chess' has no attribute 'pgn'
2025-09-05 14:39:30,468 - WARNING - Error parsing game: module 'chess' has no attribute 'pgn'
2025-09-05 14:39:30,469 - WARNING - Error parsing game: module 'chess' has no attribute 'pgn'
2025-09-05 14:39:30,469 - WARNING - Error parsing game: module 'chess' has no attribute 'pgn'
2025-09-05 14:39:30,470 - WARNING - Error parsing game: module 'chess' has no attribute 'pgn'
2025-09-05 14:39:30,471 - WARNING - Error parsing game: module 'chess' has no attribute 'pgn'
2025-09-05 14:39:30,472 - WARNING - Error parsing game: module 'chess' has no attribute 'pgn'
2025-09-05 14:39:30,472 - WARNING - Error parsing game: module 'chess' has no attribute 'pgn'
2025-09-05 14:39:30,473 - WARNING - Error parsing game: module 'chess' has no attribute 'pgn'
2025-09-05 14:39:30,474 - WARNING - Error parsing game: module 'chess' has no attribute 'pgn'
2025-09-05 14:39:30,476 - WARNING - Error parsing game: module 'chess' has no attribute 'pgn'
2025-09-05 14:39:30,476 - WARNING - Error parsing game: module 'chess' has no attribute 'pgn'
2025-09-05 14:39:30,477 - WARNING - Error parsing game: module 'chess' has no attribute 'pgn'
2025-09-05 14:39:30,478 - WARNING - Error parsing game: module 'chess' has no attribute 'pgn'
2025-09-05 14:39:30,479 - WARNING - Error parsing game: module 'chess' has no attribute 'pgn'
2025-09-05 14:39:30,480 - WARNING - Error parsing game: module 'chess' has no attribute 'pgn'
2025-09-05 14:39:30,480 - WARNING - Error parsing game: module 'chess' has no attribute 'pgn'
2025-09-05 14:39:30,481 - WARNING - Error parsing game: module 'chess' has no attribute 'pgn'
2025-09-05 14:39:30,482 - WARNING - Error parsing game: module 'chess' has no attribute 'pgn'
2025-09-05 14:39:30,483 - WARNING - Error parsing game: module 'chess' has no attribute 'pgn'
2025-09-05 14:39:30,483 - WARNING - Error parsing game: module 'chess' has no attribute 'pgn'
2025-09-05 14:39:30,484 - WARNING - Error parsing game: module 'chess' has no attribute 'pgn'
2025-09-05 14:39:30,484 - WARNING - Error parsing game: module 'chess' has no attribute 'pgn'
2025-09-05 14:39:30,484 - WARNING - Error parsing game: module 'chess' has no attribute 'pgn'
2025-09-05 14:39:30,485 - WARNING - Error parsing game: module 'chess' has no attribute 'pgn'
2025-09-05 14:39:30,485 - WARNING - Error parsing game: module 'chess' has no attribute 'pgn'
2025-09-05 14:39:30,486 - WARNING - Error parsing game: module 'chess' has no attribute 'pgn'
2025-09-05 14:39:30,486 - WARNING - Error parsing game: module 'chess' has no attribute 'pgn'
2025-09-05 14:39:30,487 - WARNING - Error parsing game: module 'chess' has no attribute 'pgn'
2025-09-05 14:39:30,487 - WARNING - Error parsing game: module 'chess' has no attribute 'pgn'
2025-09-05 14:39:30,488 - WARNING - Error parsing game: module 'chess' has no attribute 'pgn'
2025-09-05 14:39:30,488 - WARNING - Error parsing game: module 'chess' has no attribute 'pgn'
2025-09-05 14:39:30,488 - WARNING - Error parsing game: module 'chess' has no attribute 'pgn'
2025-09-05 14:39:30,489 - WARNING - Error parsing game: module 'chess' has no attribute 'pgn'
2025-09-05 14:39:30,490 - WARNING - Error parsing game: module 'chess' has no attribute 'pgn'
2025-09-05 14:39:30,490 - WARNING - Error parsing game: module 'chess' has no attribute 'pgn'
2025-09-05 14:39:30,724 - WARNING - Error parsing game: module 'chess' has no attribute 'pgn'
2025-09-05 14:39:30,725 - WARNING - Error parsing game: module 'chess' has no attribute 'pgn'
2025-09-05 14:39:30,726 - WARNING - Error parsing game: module 'chess' has no attribute 'pgn'
2025-09-05 14:39:30,952 - WARNING - Error parsing game: module 'chess' has no attribute 'pgn'
2025-09-05 14:39:31,239 - WARNING - Error parsing game: module 'chess' has no attribute 'pgn'
2025-09-05 14:39:31,240 - WARNING - Error parsing game: module 'chess' has no attribute 'pgn'
2025-09-05 14:39:31,241 - WARNING - Error parsing game: module 'chess' has no attribute 'pgn'
2025-09-05 14:39:31,242 - WARNING - Error parsing game: module 'chess' has no attribute 'pgn'
2025-09-05 14:39:31,242 - WARNING - Error parsing game: module 'chess' has no attribute 'pgn'
2025-09-05 14:39:31,243 - WARNING - Error parsing game: module 'chess' has no attribute 'pgn'
2025-09-05 14:39:31,244 - WARNING - Error parsing game: module 'chess' has no attribute 'pgn'
2025-09-05 14:39:31,244 - WARNING - Error parsing game: module 'chess' has no attribute 'pgn'
2025-09-05 14:39:31,245 - WARNING - Error parsing game: module 'chess' has no attribute 'pgn'
2025-09-05 14:39:31,245 - WARNING - Error parsing game: module 'chess' has no attribute 'pgn'
2025-09-05 14:39:31,246 - WARNING - Error parsing game: module 'chess' has no attribute 'pgn'
2025-09-05 14:39:31,246 - WARNING - Error parsing game: module 'chess' has no attribute 'pgn'
2025-09-05 14:39:31,247 - WARNING - Error parsing game: module 'chess' has no attribute 'pgn'
2025-09-05 14:39:31,247 - WARNING - Error parsing game: module 'chess' has no attribute 'pgn'
2025-09-05 14:39:31,248 - WARNING - Error parsing game: module 'chess' has no attribute 'pgn'
2025-09-05 14:39:31,249 - WARNING - Error parsing game: module 'chess' has no attribute 'pgn'
2025-09-05 14:39:31,249 - WARNING - Error parsing game: module 'chess' has no attribute 'pgn'
2025-09-05 14:39:31,250 - WARNING - Error parsing game: module 'chess' has no attribute 'pgn'
2025-09-05 14:39:31,251 - WARNING - Error parsing game: module 'chess' has no attribute 'pgn'
2025-09-05 14:39:31,251 - WARNING - Error parsing game: module 'chess' has no attribute 'pgn'
2025-09-05 14:39:31,252 - WARNING - Error parsing game: module 'chess' has no attribute 'pgn'
2025-09-05 14:39:31,253 - WARNING - Error parsing game: module 'chess' has no attribute 'pgn'
2025-09-05 14:39:31,253 - WARNING - Error parsing game: module 'chess' has no attribute 'pgn'
2025-09-05 14:39:31,254 - WARNING - Error parsing game: module 'chess' has no attribute 'pgn'
2025-09-05 14:39:31,255 - WARNING - Error parsing game: module 'chess' has no attribute 'pgn'
2025-09-05 14:39:31,255 - WARNING - Error parsing game: module 'chess' has no attribute 'pgn'
2025-09-05 14:39:31,256 - WARNING - Error parsing game: module 'chess' has no attribute 'pgn'
2025-09-05 14:39:31,256 - WARNING - Error parsing game: module 'chess' has no attribute 'pgn'
2025-09-05 14:39:31,257 - WARNING - Error parsing game: module 'chess' has no attribute 'pgn'
2025-09-05 14:39:31,257 - WARNING - Error parsing game: module 'chess' has no attribute 'pgn'
2025-09-05 14:39:31,258 - WARNING - Error parsing game: module 'chess' has no attribute 'pgn'
2025-09-05 14:39:31,258 - WARNING - Error parsing game: module 'chess' has no attribute 'pgn'
2025-09-05 14:39:31,258 - WARNING - Error parsing game: module 'chess' has no attribute 'pgn'
2025-09-05 14:39:31,259 - WARNING - Error parsing game: module 'chess' has no attribute 'pgn'
2025-09-05 14:39:31,259 - WARNING - Error parsing game: module 'chess' has no attribute 'pgn'
2025-09-05 14:39:31,260 - WARNING - Error parsing game: module 'chess' has no attribute 'pgn'
2025-09-05 14:39:31,519 - WARNING - Error parsing game: module 'chess' has no attribute 'pgn'
2025-09-05 14:39:31,519 - WARNING - Error parsing game: module 'chess' has no attribute 'pgn'
2025-09-05 14:39:31,519 - WARNING - Error parsing game: module 'chess' has no attribute 'pgn'
2025-09-05 14:39:31,520 - WARNING - Error parsing game: module 'chess' has no attribute 'pgn'
2025-09-05 14:39:31,520 - WARNING - Error parsing game: module 'chess' has no attribute 'pgn'
2025-09-05 14:39:31,521 - WARNING - Error parsing game: module 'chess' has no attribute 'pgn'
2025-09-05 14:39:31,521 - WARNING - Error parsing game: module 'chess' has no attribute 'pgn'
2025-09-05 14:39:31,522 - WARNING - Error parsing game: module 'chess' has no attribute 'pgn'
2025-09-05 14:39:31,522 - WARNING - Error parsing game: module 'chess' has no attribute 'pgn'
2025-09-05 14:39:31,522 - WARNING - Error parsing game: module 'chess' has no attribute 'pgn'
2025-09-05 14:39:31,523 - WARNING - Error parsing game: module 'chess' has no attribute 'pgn'
2025-09-05 14:39:31,523 - WARNING - Error parsing game: module 'chess' has no attribute 'pgn'
2025-09-05 14:39:31,523 - WARNING - Error parsing game: module 'chess' has no attribute 'pgn'
2025-09-05 14:39:31,524 - WARNING - Error parsing game: module 'chess' has no attribute 'pgn'
2025-09-05 14:39:31,524 - WARNING - Error parsing game: module 'chess' has no attribute 'pgn'
2025-09-05 14:39:31,525 - WARNING - Error parsing game: module 'chess' has no attribute 'pgn'
2025-09-05 14:39:31,525 - WARNING - Error parsing game: module 'chess' has no attribute 'pgn'
2025-09-05 14:39:31,526 - WARNING - Error parsing game: module 'chess' has no attribute 'pgn'
2025-09-05 14:39:31,526 - WARNING - Error parsing game: module 'chess' has no attribute 'pgn'
2025-09-05 14:39:31,526 - WARNING - Error parsing game: module 'chess' has no attribute 'pgn'
2025-09-05 14:39:31,527 - WARNING - Error parsing game: module 'chess' has no attribute 'pgn'
2025-09-05 14:39:31,527 - WARNING - Error parsing game: module 'chess' has no attribute 'pgn'
2025-09-05 14:39:31,528 - WARNING - Error parsing game: module 'chess' has no attribute 'pgn'
2025-09-05 14:39:31,528 - WARNING - Error parsing game: module 'chess' has no attribute 'pgn'
2025-09-05 14:39:31,528 - WARNING - Error parsing game: module 'chess' has no attribute 'pgn'
2025-09-05 14:39:31,529 - WARNING - Error parsing game: module 'chess' has no attribute 'pgn'
2025-09-05 14:39:31,529 - WARNING - Error parsing game: module 'chess' has no attribute 'pgn'
2025-09-05 14:39:31,530 - WARNING - Error parsing game: module 'chess' has no attribute 'pgn'
2025-09-05 14:39:31,530 - WARNING - Error parsing game: module 'chess' has no attribute 'pgn'
2025-09-05 14:39:31,530 - WARNING - Error parsing game: module 'chess' has no attribute 'pgn'
2025-09-05 14:39:31,531 - WARNING - Error parsing game: module 'chess' has no attribute 'pgn'
2025-09-05 14:39:31,531 - WARNING - Error parsing game: module 'chess' has no attribute 'pgn'
2025-09-05 14:39:31,532 - WARNING - Error parsing game: module 'chess' has no attribute 'pgn'
2025-09-05 14:39:31,532 - WARNING - Error parsing game: module 'chess' has no attribute 'pgn'
2025-09-05 14:39:31,533 - WARNING - Error parsing game: module 'chess' has no attribute 'pgn'
2025-09-05 14:39:31,533 - WARNING - Error parsing game: module 'chess' has no attribute 'pgn'
2025-09-05 14:39:31,533 - WARNING - Error parsing game: module 'chess' has no attribute 'pgn'
2025-09-05 14:39:31,534 - WARNING - Error parsing game: module 'chess' has no attribute 'pgn'
2025-09-05 14:39:31,534 - WARNING - Error parsing game: module 'chess' has no attribute 'pgn'
2025-09-05 14:39:31,534 - WARNING - Error parsing game: module 'chess' has no attribute 'pgn'
2025-09-05 14:39:31,535 - WARNING - Error parsing game: module 'chess' has no attribute 'pgn'
2025-09-05 14:39:31,535 - WARNING - Error parsing game: module 'chess' has no attribute 'pgn'
2025-09-05 14:39:31,536 - WARNING - Error parsing game: module 'chess' has no attribute 'pgn'
2025-09-05 14:39:31,536 - WARNING - Error parsing game: module 'chess' has no attribute 'pgn'
2025-09-05 14:39:31,536 - WARNING - Error parsing game: module 'chess' has no attribute 'pgn'
2025-09-05 14:39:31,537 - WARNING - Error parsing game: module 'chess' has no attribute 'pgn'
2025-09-05 14:39:31,537 - WARNING - Error parsing game: module 'chess' has no attribute 'pgn'
2025-09-05 14:39:31,538 - WARNING - Error parsing game: module 'chess' has no attribute 'pgn'
2025-09-05 14:39:31,538 - WARNING - Error parsing game: module 'chess' has no attribute 'pgn'
2025-09-05 14:39:31,538 - WARNING - Error parsing game: module 'chess' has no attribute 'pgn'
2025-09-05 14:39:31,539 - WARNING - Error parsing game: module 'chess' has no attribute 'pgn'
2025-09-05 14:39:31,539 - WARNING - Error parsing game: module 'chess' has no attribute 'pgn'
2025-09-05 14:39:31,540 - WARNING - Error parsing game: module 'chess' has no attribute 'pgn'
2025-09-05 14:39:31,540 - WARNING - Error parsing game: module 'chess' has no attribute 'pgn'
2025-09-05 14:39:31,540 - WARNING - Error parsing game: module 'chess' has no attribute 'pgn'
2025-09-05 14:39:31,541 - WARNING - Error parsing game: module 'chess' has no attribute 'pgn'
2025-09-05 14:39:31,541 - WARNING - Error parsing game: module 'chess' has no attribute 'pgn'
2025-09-05 14:39:31,543 - WARNING - Error parsing game: module 'chess' has no attribute 'pgn'
2025-09-05 14:39:31,543 - WARNING - Error parsing game: module 'chess' has no attribute 'pgn'
2025-09-05 14:39:31,544 - WARNING - Error parsing game: module 'chess' has no attribute 'pgn'
2025-09-05 14:39:31,544 - WARNING - Error parsing game: module 'chess' has no attribute 'pgn'
2025-09-05 14:39:31,545 - WARNING - Error parsing game: module 'chess' has no attribute 'pgn'
2025-09-05 14:39:31,545 - WARNING - Error parsing game: module 'chess' has no attribute 'pgn'
2025-09-05 14:39:31,545 - WARNING - Error parsing game: module 'chess' has no attribute 'pgn'
2025-09-05 14:39:31,545 - WARNING - Error parsing game: module 'chess' has no attribute 'pgn'
2025-09-05 14:39:31,546 - WARNING - Error parsing game: module 'chess' has no attribute 'pgn'
2025-09-05 14:39:31,546 - WARNING - Error parsing game: module 'chess' has no attribute 'pgn'
2025-09-05 14:39:31,546 - WARNING - Error parsing game: module 'chess' has no attribute 'pgn'
2025-09-05 14:39:31,546 - WARNING - Error parsing game: module 'chess' has no attribute 'pgn'
2025-09-05 14:39:31,547 - WARNING - Error parsing game: module 'chess' has no attribute 'pgn'
2025-09-05 14:39:31,547 - WARNING - Error parsing game: module 'chess' has no attribute 'pgn'
2025-09-05 14:39:31,547 - WARNING - Error parsing game: module 'chess' has no attribute 'pgn'
2025-09-05 14:39:31,868 - WARNING - Error parsing game: module 'chess' has no attribute 'pgn'
2025-09-05 14:39:31,869 - WARNING - Error parsing game: module 'chess' has no attribute 'pgn'
2025-09-05 14:39:31,870 - WARNING - Error parsing game: module 'chess' has no attribute 'pgn'
2025-09-05 14:39:31,870 - WARNING - Error parsing game: module 'chess' has no attribute 'pgn'
2025-09-05 14:39:31,871 - WARNING - Error parsing game: module 'chess' has no attribute 'pgn'
2025-09-05 14:39:31,872 - WARNING - Error parsing game: module 'chess' has no attribute 'pgn'
2025-09-05 14:39:31,872 - WARNING - Error parsing game: module 'chess' has no attribute 'pgn'
2025-09-05 14:39:31,873 - WARNING - Error parsing game: module 'chess' has no attribute 'pgn'
2025-09-05 14:39:31,873 - WARNING - Error parsing game: module 'chess' has no attribute 'pgn'
2025-09-05 14:39:31,874 - WARNING - Error parsing game: module 'chess' has no attribute 'pgn'
2025-09-05 14:39:31,875 - WARNING - Error parsing game: module 'chess' has no attribute 'pgn'
2025-09-05 14:39:31,875 - WARNING - Error parsing game: module 'chess' has no attribute 'pgn'
2025-09-05 14:39:31,876 - WARNING - Error parsing game: module 'chess' has no attribute 'pgn'
2025-09-05 14:39:31,876 - WARNING - Error parsing game: module 'chess' has no attribute 'pgn'
2025-09-05 14:39:31,877 - WARNING - Error parsing game: module 'chess' has no attribute 'pgn'
2025-09-05 14:39:31,877 - WARNING - Error parsing game: module 'chess' has no attribute 'pgn'
2025-09-05 14:39:31,878 - WARNING - Error parsing game: module 'chess' has no attribute 'pgn'
2025-09-05 14:39:31,878 - WARNING - Error parsing game: module 'chess' has no attribute 'pgn'
2025-09-05 14:39:31,878 - WARNING - Error parsing game: module 'chess' has no attribute 'pgn'
2025-09-05 14:39:31,879 - WARNING - Error parsing game: module 'chess' has no attribute 'pgn'
2025-09-05 14:39:31,879 - WARNING - Error parsing game: module 'chess' has no attribute 'pgn'
2025-09-05 14:39:31,880 - WARNING - Error parsing game: module 'chess' has no attribute 'pgn'
2025-09-05 14:39:31,880 - WARNING - Error parsing game: module 'chess' has no attribute 'pgn'
2025-09-05 14:39:31,881 - WARNING - Error parsing game: module 'chess' has no attribute 'pgn'
2025-09-05 14:39:31,882 - WARNING - Error parsing game: module 'chess' has no attribute 'pgn'
2025-09-05 14:39:31,882 - WARNING - Error parsing game: module 'chess' has no attribute 'pgn'
2025-09-05 14:39:31,883 - WARNING - Error parsing game: module 'chess' has no attribute 'pgn'
2025-09-05 14:39:31,883 - WARNING - Error parsing game: module 'chess' has no attribute 'pgn'
2025-09-05 14:39:31,883 - WARNING - Error parsing game: module 'chess' has no attribute 'pgn'
2025-09-05 14:39:31,884 - WARNING - Error parsing game: module 'chess' has no attribute 'pgn'
2025-09-05 14:39:31,884 - WARNING - Error parsing game: module 'chess' has no attribute 'pgn'
2025-09-05 14:39:31,885 - WARNING - Error parsing game: module 'chess' has no attribute 'pgn'
2025-09-05 14:39:31,885 - WARNING - Error parsing game: module 'chess' has no attribute 'pgn'
2025-09-05 14:39:31,886 - WARNING - Error parsing game: module 'chess' has no attribute 'pgn'
2025-09-05 14:39:31,886 - WARNING - Error parsing game: module 'chess' has no attribute 'pgn'
2025-09-05 14:39:31,886 - WARNING - Error parsing game: module 'chess' has no attribute 'pgn'
2025-09-05 14:39:31,887 - WARNING - Error parsing game: module 'chess' has no attribute 'pgn'
2025-09-05 14:39:31,887 - WARNING - Error parsing game: module 'chess' has no attribute 'pgn'
2025-09-05 14:39:31,888 - WARNING - Error parsing game: module 'chess' has no attribute 'pgn'
2025-09-05 14:39:31,888 - WARNING - Error parsing game: module 'chess' has no attribute 'pgn'
2025-09-05 14:39:31,889 - WARNING - Error parsing game: module 'chess' has no attribute 'pgn'
2025-09-05 14:39:31,889 - WARNING - Error parsing game: module 'chess' has no attribute 'pgn'
2025-09-05 14:39:31,890 - WARNING - Error parsing game: module 'chess' has no attribute 'pgn'
2025-09-05 14:39:31,890 - WARNING - Error parsing game: module 'chess' has no attribute 'pgn'
2025-09-05 14:39:31,890 - WARNING - Error parsing game: module 'chess' has no attribute 'pgn'
2025-09-05 14:39:31,891 - WARNING - Error parsing game: module 'chess' has no attribute 'pgn'
2025-09-05 14:39:31,891 - WARNING - Error parsing game: module 'chess' has no attribute 'pgn'
2025-09-05 14:39:31,891 - WARNING - Error parsing game: module 'chess' has no attribute 'pgn'
2025-09-05 14:39:31,892 - WARNING - Error parsing game: module 'chess' has no attribute 'pgn'
2025-09-05 14:39:31,892 - WARNING - Error parsing game: module 'chess' has no attribute 'pgn'
2025-09-05 14:39:31,892 - WARNING - Error parsing game: module 'chess' has no attribute 'pgn'
2025-09-05 14:39:31,893 - WARNING - Error parsing game: module 'chess' has no attribute 'pgn'
2025-09-05 14:39:31,893 - WARNING - Error parsing game: module 'chess' has no attribute 'pgn'
2025-09-05 14:39:31,893 - WARNING - Error parsing game: module 'chess' has no attribute 'pgn'
2025-09-05 14:39:31,893 - WARNING - Error parsing game: module 'chess' has no attribute 'pgn'
2025-09-05 14:39:31,894 - WARNING - Error parsing game: module 'chess' has no attribute 'pgn'
2025-09-05 14:39:31,894 - WARNING - Error parsing game: module 'chess' has no attribute 'pgn'
2025-09-05 14:39:31,894 - WARNING - Error parsing game: module 'chess' has no attribute 'pgn'
2025-09-05 14:39:31,895 - WARNING - Error parsing game: module 'chess' has no attribute 'pgn'
2025-09-05 14:39:31,895 - WARNING - Error parsing game: module 'chess' has no attribute 'pgn'
2025-09-05 14:39:31,895 - WARNING - Error parsing game: module 'chess' has no attribute 'pgn'
2025-09-05 14:39:31,896 - WARNING - Error parsing game: module 'chess' has no attribute 'pgn'
2025-09-05 14:39:31,896 - WARNING - Error parsing game: module 'chess' has no attribute 'pgn'
2025-09-05 14:39:31,896 - WARNING - Error parsing game: module 'chess' has no attribute 'pgn'
2025-09-05 14:39:31,896 - WARNING - Error parsing game: module 'chess' has no attribute 'pgn'
2025-09-05 14:39:31,897 - WARNING - Error parsing game: module 'chess' has no attribute 'pgn'
2025-09-05 14:39:31,897 - WARNING - Error parsing game: module 'chess' has no attribute 'pgn'
2025-09-05 14:39:31,897 - WARNING - Error parsing game: module 'chess' has no attribute 'pgn'
2025-09-05 14:39:31,898 - WARNING - Error parsing game: module 'chess' has no attribute 'pgn'
2025-09-05 14:39:31,898 - WARNING - Error parsing game: module 'chess' has no attribute 'pgn'
2025-09-05 14:39:31,898 - WARNING - Error parsing game: module 'chess' has no attribute 'pgn'
2025-09-05 14:39:31,899 - WARNING - Error parsing game: module 'chess' has no attribute 'pgn'
2025-09-05 14:39:31,899 - WARNING - Error parsing game: module 'chess' has no attribute 'pgn'
2025-09-05 14:39:31,899 - WARNING - Error parsing game: module 'chess' has no attribute 'pgn'
2025-09-05 14:39:31,899 - WARNING - Error parsing game: module 'chess' has no attribute 'pgn'
2025-09-05 14:39:31,899 - WARNING - Error parsing game: module 'chess' has no attribute 'pgn'
2025-09-05 14:39:31,900 - WARNING - Error parsing game: module 'chess' has no attribute 'pgn'
2025-09-05 14:39:31,900 - WARNING - Error parsing game: module 'chess' has no attribute 'pgn'
2025-09-05 14:39:31,900 - WARNING - Error parsing game: module 'chess' has no attribute 'pgn'
2025-09-05 14:39:31,901 - WARNING - Error parsing game: module 'chess' has no attribute 'pgn'
2025-09-05 14:39:31,901 - WARNING - Error parsing game: module 'chess' has no attribute 'pgn'
2025-09-05 14:39:31,901 - WARNING - Error parsing game: module 'chess' has no attribute 'pgn'
2025-09-05 14:39:31,901 - WARNING - Error parsing game: module 'chess' has no attribute 'pgn'
2025-09-05 14:39:31,902 - WARNING - Error parsing game: module 'chess' has no attribute 'pgn'
2025-09-05 14:39:31,902 - WARNING - Error parsing game: module 'chess' has no attribute 'pgn'
2025-09-05 14:39:31,902 - WARNING - Error parsing game: module 'chess' has no attribute 'pgn'
2025-09-05 14:39:31,902 - WARNING - Error parsing game: module 'chess' has no attribute 'pgn'
2025-09-05 14:39:31,903 - WARNING - Error parsing game: module 'chess' has no attribute 'pgn'
2025-09-05 14:39:31,903 - WARNING - Error parsing game: module 'chess' has no attribute 'pgn'
2025-09-05 14:39:31,903 - WARNING - Error parsing game: module 'chess' has no attribute 'pgn'
2025-09-05 14:39:31,903 - WARNING - Error parsing game: module 'chess' has no attribute 'pgn'
2025-09-05 14:39:31,903 - WARNING - Error parsing game: module 'chess' has no attribute 'pgn'
2025-09-05 14:39:31,904 - WARNING - Error parsing game: module 'chess' has no attribute 'pgn'
2025-09-05 14:39:31,904 - WARNING - Error parsing game: module 'chess' has no attribute 'pgn'
2025-09-05 14:39:31,904 - WARNING - Error parsing game: module 'chess' has no attribute 'pgn'
2025-09-05 14:39:31,904 - WARNING - Error parsing game: module 'chess' has no attribute 'pgn'
2025-09-05 14:39:31,904 - WARNING - Error parsing game: module 'chess' has no attribute 'pgn'
2025-09-05 14:39:31,905 - WARNING - Error parsing game: module 'chess' has no attribute 'pgn'
2025-09-05 14:39:31,905 - WARNING - Error parsing game: module 'chess' has no attribute 'pgn'
2025-09-05 14:39:31,905 - WARNING - Error parsing game: module 'chess' has no attribute 'pgn'
2025-09-05 14:39:31,905 - WARNING - Error parsing game: module 'chess' has no attribute 'pgn'
2025-09-05 14:39:31,905 - WARNING - Error parsing game: module 'chess' has no attribute 'pgn'
2025-09-05 14:39:31,906 - WARNING - Error parsing game: module 'chess' has no attribute 'pgn'
2025-09-05 14:39:31,906 - WARNING - Error parsing game: module 'chess' has no attribute 'pgn'
2025-09-05 14:39:31,906 - WARNING - Error parsing game: module 'chess' has no attribute 'pgn'
2025-09-05 14:39:31,906 - WARNING - Error parsing game: module 'chess' has no attribute 'pgn'
2025-09-05 14:39:31,907 - WARNING - Error parsing game: module 'chess' has no attribute 'pgn'
2025-09-05 14:39:31,907 - WARNING - Error parsing game: module 'chess' has no attribute 'pgn'
2025-09-05 14:39:31,907 - WARNING - Error parsing game: module 'chess' has no attribute 'pgn'
2025-09-05 14:39:31,907 - WARNING - Error parsing game: module 'chess' has no attribute 'pgn'
2025-09-05 14:39:31,908 - WARNING - Error parsing game: module 'chess' has no attribute 'pgn'
2025-09-05 14:39:31,908 - WARNING - Error parsing game: module 'chess' has no attribute 'pgn'
2025-09-05 14:39:31,908 - WARNING - Error parsing game: module 'chess' has no attribute 'pgn'
2025-09-05 14:39:31,908 - WARNING - Error parsing game: module 'chess' has no attribute 'pgn'
2025-09-05 14:39:31,908 - WARNING - Error parsing game: module 'chess' has no attribute 'pgn'
2025-09-05 14:39:31,909 - WARNING - Error parsing game: module 'chess' has no attribute 'pgn'
2025-09-05 14:39:31,909 - WARNING - Error parsing game: module 'chess' has no attribute 'pgn'
2025-09-05 14:39:31,909 - WARNING - Error parsing game: module 'chess' has no attribute 'pgn'
2025-09-05 14:39:31,909 - WARNING - Error parsing game: module 'chess' has no attribute 'pgn'
2025-09-05 14:39:31,909 - WARNING - Error parsing game: module 'chess' has no attribute 'pgn'
2025-09-05 14:39:31,910 - WARNING - Error parsing game: module 'chess' has no attribute 'pgn'
2025-09-05 14:39:31,910 - WARNING - Error parsing game: module 'chess' has no attribute 'pgn'
2025-09-05 14:39:31,910 - WARNING - Error parsing game: module 'chess' has no attribute 'pgn'
2025-09-05 14:39:31,910 - WARNING - Error parsing game: module 'chess' has no attribute 'pgn'
2025-09-05 14:39:31,910 - WARNING - Error parsing game: module 'chess' has no attribute 'pgn'
2025-09-05 14:39:31,910 - WARNING - Error parsing game: module 'chess' has no attribute 'pgn'
2025-09-05 14:39:31,911 - WARNING - Error parsing game: module 'chess' has no attribute 'pgn'
2025-09-05 14:39:31,911 - WARNING - Error parsing game: module 'chess' has no attribute 'pgn'
2025-09-05 14:39:31,911 - WARNING - Error parsing game: module 'chess' has no attribute 'pgn'
2025-09-05 14:39:31,911 - WARNING - Error parsing game: module 'chess' has no attribute 'pgn'
2025-09-05 14:39:31,911 - WARNING - Error parsing game: module 'chess' has no attribute 'pgn'
2025-09-05 14:39:31,912 - WARNING - Error parsing game: module 'chess' has no attribute 'pgn'
2025-09-05 14:39:31,912 - WARNING - Error parsing game: module 'chess' has no attribute 'pgn'
2025-09-05 14:39:31,912 - WARNING - Error parsing game: module 'chess' has no attribute 'pgn'
2025-09-05 14:39:31,912 - WARNING - Error parsing game: module 'chess' has no attribute 'pgn'
2025-09-05 14:39:31,912 - WARNING - Error parsing game: module 'chess' has no attribute 'pgn'
2025-09-05 14:39:31,913 - WARNING - Error parsing game: module 'chess' has no attribute 'pgn'
2025-09-05 14:39:31,913 - WARNING - Error parsing game: module 'chess' has no attribute 'pgn'
2025-09-05 14:39:31,913 - WARNING - Error parsing game: module 'chess' has no attribute 'pgn'
2025-09-05 14:39:31,913 - WARNING - Error parsing game: module 'chess' has no attribute 'pgn'
2025-09-05 14:39:31,913 - WARNING - Error parsing game: module 'chess' has no attribute 'pgn'
2025-09-05 14:39:31,913 - WARNING - Error parsing game: module 'chess' has no attribute 'pgn'
2025-09-05 14:39:31,914 - WARNING - Error parsing game: module 'chess' has no attribute 'pgn'
2025-09-05 14:39:31,914 - WARNING - Error parsing game: module 'chess' has no attribute 'pgn'
2025-09-05 14:39:31,914 - WARNING - Error parsing game: module 'chess' has no attribute 'pgn'
2025-09-05 14:39:31,914 - WARNING - Error parsing game: module 'chess' has no attribute 'pgn'
2025-09-05 14:39:31,914 - WARNING - Error parsing game: module 'chess' has no attribute 'pgn'
2025-09-05 14:39:31,914 - WARNING - Error parsing game: module 'chess' has no attribute 'pgn'
2025-09-05 14:39:31,915 - WARNING - Error parsing game: module 'chess' has no attribute 'pgn'
2025-09-05 14:39:31,915 - WARNING - Error parsing game: module 'chess' has no attribute 'pgn'
2025-09-05 14:39:31,915 - WARNING - Error parsing game: module 'chess' has no attribute 'pgn'
2025-09-05 14:39:31,915 - WARNING - Error parsing game: module 'chess' has no attribute 'pgn'
2025-09-05 14:39:31,915 - WARNING - Error parsing game: module 'chess' has no attribute 'pgn'
2025-09-05 14:39:31,916 - WARNING - Error parsing game: module 'chess' has no attribute 'pgn'
2025-09-05 14:39:31,916 - WARNING - Error parsing game: module 'chess' has no attribute 'pgn'
2025-09-05 14:39:31,916 - WARNING - Error parsing game: module 'chess' has no attribute 'pgn'
2025-09-05 14:39:31,916 - WARNING - Error parsing game: module 'chess' has no attribute 'pgn'
2025-09-05 14:39:31,916 - WARNING - Error parsing game: module 'chess' has no attribute 'pgn'
2025-09-05 14:39:31,916 - WARNING - Error parsing game: module 'chess' has no attribute 'pgn'
2025-09-05 14:39:31,916 - WARNING - Error parsing game: module 'chess' has no attribute 'pgn'
2025-09-05 14:39:31,916 - WARNING - Error parsing game: module 'chess' has no attribute 'pgn'
2025-09-05 14:39:31,917 - WARNING - Error parsing game: module 'chess' has no attribute 'pgn'
2025-09-05 14:39:31,917 - WARNING - Error parsing game: module 'chess' has no attribute 'pgn'
2025-09-05 14:39:31,917 - WARNING - Error parsing game: module 'chess' has no attribute 'pgn'
2025-09-05 14:39:31,917 - WARNING - Error parsing game: module 'chess' has no attribute 'pgn'
2025-09-05 14:39:31,917 - WARNING - Error parsing game: module 'chess' has no attribute 'pgn'
2025-09-05 14:39:31,918 - WARNING - Error parsing game: module 'chess' has no attribute 'pgn'
2025-09-05 14:39:31,918 - WARNING - Error parsing game: module 'chess' has no attribute 'pgn'
2025-09-05 14:39:32,250 - WARNING - Error parsing game: module 'chess' has no attribute 'pgn'
2025-09-05 14:39:32,251 - WARNING - Error parsing game: module 'chess' has no attribute 'pgn'
2025-09-05 14:39:32,251 - WARNING - Error parsing game: module 'chess' has no attribute 'pgn'
2025-09-05 14:39:32,497 - WARNING - Error parsing game: module 'chess' has no attribute 'pgn'
2025-09-05 14:39:32,498 - WARNING - Error parsing game: module 'chess' has no attribute 'pgn'
2025-09-05 14:39:32,774 - WARNING - Error parsing game: module 'chess' has no attribute 'pgn'
2025-09-05 14:39:32,775 - WARNING - Error parsing game: module 'chess' has no attribute 'pgn'
2025-09-05 14:39:32,776 - WARNING - Error parsing game: module 'chess' has no attribute 'pgn'
2025-09-05 14:39:32,777 - WARNING - Error parsing game: module 'chess' has no attribute 'pgn'
2025-09-05 14:39:32,777 - WARNING - Error parsing game: module 'chess' has no attribute 'pgn'
2025-09-05 14:39:32,778 - WARNING - Error parsing game: module 'chess' has no attribute 'pgn'
2025-09-05 14:39:32,778 - WARNING - Error parsing game: module 'chess' has no attribute 'pgn'
2025-09-05 14:39:32,779 - WARNING - Error parsing game: module 'chess' has no attribute 'pgn'
2025-09-05 14:39:32,779 - WARNING - Error parsing game: module 'chess' has no attribute 'pgn'
2025-09-05 14:39:32,780 - WARNING - Error parsing game: module 'chess' has no attribute 'pgn'
2025-09-05 14:39:32,780 - WARNING - Error parsing game: module 'chess' has no attribute 'pgn'
2025-09-05 14:39:33,037 - WARNING - Error parsing game: module 'chess' has no attribute 'pgn'
2025-09-05 14:39:33,038 - WARNING - Error parsing game: module 'chess' has no attribute 'pgn'
2025-09-05 14:39:33,039 - WARNING - Error parsing game: module 'chess' has no attribute 'pgn'
2025-09-05 14:39:33,040 - WARNING - Error parsing game: module 'chess' has no attribute 'pgn'
2025-09-05 14:39:33,040 - WARNING - Error parsing game: module 'chess' has no attribute 'pgn'
2025-09-05 14:39:33,041 - WARNING - Error parsing game: module 'chess' has no attribute 'pgn'
2025-09-05 14:39:33,283 - WARNING - Error parsing game: module 'chess' has no attribute 'pgn'
2025-09-05 14:39:33,283 - WARNING - Error parsing game: module 'chess' has no attribute 'pgn'
2025-09-05 14:39:33,284 - WARNING - Error parsing game: module 'chess' has no attribute 'pgn'
2025-09-05 14:39:33,285 - WARNING - Error parsing game: module 'chess' has no attribute 'pgn'
2025-09-05 14:39:33,286 - WARNING - Error parsing game: module 'chess' has no attribute 'pgn'
2025-09-05 14:39:33,286 - WARNING - Error parsing game: module 'chess' has no attribute 'pgn'
2025-09-05 14:39:33,287 - WARNING - Error parsing game: module 'chess' has no attribute 'pgn'
2025-09-05 14:39:33,287 - WARNING - Error parsing game: module 'chess' has no attribute 'pgn'
2025-09-05 14:39:33,288 - WARNING - Error parsing game: module 'chess' has no attribute 'pgn'
2025-09-05 14:39:33,289 - WARNING - Error parsing game: module 'chess' has no attribute 'pgn'
2025-09-05 14:39:33,289 - WARNING - Error parsing game: module 'chess' has no attribute 'pgn'
2025-09-05 14:39:33,290 - WARNING - Error parsing game: module 'chess' has no attribute 'pgn'
2025-09-05 14:39:33,290 - WARNING - Error parsing game: module 'chess' has no attribute 'pgn'
2025-09-05 14:39:33,291 - WARNING - Error parsing game: module 'chess' has no attribute 'pgn'
2025-09-05 14:39:33,291 - WARNING - Error parsing game: module 'chess' has no attribute 'pgn'
2025-09-05 14:39:33,292 - WARNING - Error parsing game: module 'chess' has no attribute 'pgn'
2025-09-05 14:39:33,292 - WARNING - Error parsing game: module 'chess' has no attribute 'pgn'
2025-09-05 14:39:33,293 - WARNING - Error parsing game: module 'chess' has no attribute 'pgn'
2025-09-05 14:39:33,293 - WARNING - Error parsing game: module 'chess' has no attribute 'pgn'
2025-09-05 14:39:33,294 - WARNING - Error parsing game: module 'chess' has no attribute 'pgn'
2025-09-05 14:39:33,294 - WARNING - Error parsing game: module 'chess' has no attribute 'pgn'
2025-09-05 14:39:33,294 - WARNING - Error parsing game: module 'chess' has no attribute 'pgn'
2025-09-05 14:39:33,295 - WARNING - Error parsing game: module 'chess' has no attribute 'pgn'
2025-09-05 14:39:33,295 - WARNING - Error parsing game: module 'chess' has no attribute 'pgn'
2025-09-05 14:39:33,295 - WARNING - Error parsing game: module 'chess' has no attribute 'pgn'
2025-09-05 14:39:33,296 - WARNING - Error parsing game: module 'chess' has no attribute 'pgn'
2025-09-05 14:39:33,296 - WARNING - Error parsing game: module 'chess' has no attribute 'pgn'
2025-09-05 14:39:33,296 - WARNING - Error parsing game: module 'chess' has no attribute 'pgn'
2025-09-05 14:39:33,297 - WARNING - Error parsing game: module 'chess' has no attribute 'pgn'
2025-09-05 14:39:33,297 - WARNING - Error parsing game: module 'chess' has no attribute 'pgn'
2025-09-05 14:39:33,297 - WARNING - Error parsing game: module 'chess' has no attribute 'pgn'
2025-09-05 14:39:33,298 - WARNING - Error parsing game: module 'chess' has no attribute 'pgn'
2025-09-05 14:39:33,298 - WARNING - Error parsing game: module 'chess' has no attribute 'pgn'
2025-09-05 14:39:33,298 - WARNING - Error parsing game: module 'chess' has no attribute 'pgn'
2025-09-05 14:39:33,299 - WARNING - Error parsing game: module 'chess' has no attribute 'pgn'
2025-09-05 14:39:33,299 - WARNING - Error parsing game: module 'chess' has no attribute 'pgn'
2025-09-05 14:39:33,299 - WARNING - Error parsing game: module 'chess' has no attribute 'pgn'
2025-09-05 14:39:33,300 - WARNING - Error parsing game: module 'chess' has no attribute 'pgn'
2025-09-05 14:39:33,300 - WARNING - Error parsing game: module 'chess' has no attribute 'pgn'
2025-09-05 14:39:33,300 - WARNING - Error parsing game: module 'chess' has no attribute 'pgn'
2025-09-05 14:39:33,301 - WARNING - Error parsing game: module 'chess' has no attribute 'pgn'
2025-09-05 14:39:33,301 - WARNING - Error parsing game: module 'chess' has no attribute 'pgn'
2025-09-05 14:39:33,301 - WARNING - Error parsing game: module 'chess' has no attribute 'pgn'
2025-09-05 14:39:33,302 - WARNING - Error parsing game: module 'chess' has no attribute 'pgn'
2025-09-05 14:39:33,302 - WARNING - Error parsing game: module 'chess' has no attribute 'pgn'
2025-09-05 14:39:33,302 - WARNING - Error parsing game: module 'chess' has no attribute 'pgn'
2025-09-05 14:39:33,303 - WARNING - Error parsing game: module 'chess' has no attribute 'pgn'
2025-09-05 14:39:33,303 - WARNING - Error parsing game: module 'chess' has no attribute 'pgn'
2025-09-05 14:39:33,303 - WARNING - Error parsing game: module 'chess' has no attribute 'pgn'
2025-09-05 14:39:33,304 - WARNING - Error parsing game: module 'chess' has no attribute 'pgn'
2025-09-05 14:39:33,304 - WARNING - Error parsing game: module 'chess' has no attribute 'pgn'
2025-09-05 14:39:33,305 - WARNING - Error parsing game: module 'chess' has no attribute 'pgn'
2025-09-05 14:39:33,305 - WARNING - Error parsing game: module 'chess' has no attribute 'pgn'
2025-09-05 14:39:33,305 - WARNING - Error parsing game: module 'chess' has no attribute 'pgn'
2025-09-05 14:39:33,305 - WARNING - Error parsing game: module 'chess' has no attribute 'pgn'
2025-09-05 14:39:33,306 - WARNING - Error parsing game: module 'chess' has no attribute 'pgn'
2025-09-05 14:39:33,306 - WARNING - Error parsing game: module 'chess' has no attribute 'pgn'
2025-09-05 14:39:33,306 - WARNING - Error parsing game: module 'chess' has no attribute 'pgn'
2025-09-05 14:39:33,307 - WARNING - Error parsing game: module 'chess' has no attribute 'pgn'
2025-09-05 14:39:33,307 - WARNING - Error parsing game: module 'chess' has no attribute 'pgn'
2025-09-05 14:39:33,307 - WARNING - Error parsing game: module 'chess' has no attribute 'pgn'
2025-09-05 14:39:33,307 - WARNING - Error parsing game: module 'chess' has no attribute 'pgn'
2025-09-05 14:39:33,307 - WARNING - Error parsing game: module 'chess' has no attribute 'pgn'
2025-09-05 14:39:33,308 - WARNING - Error parsing game: module 'chess' has no attribute 'pgn'
2025-09-05 14:39:33,308 - WARNING - Error parsing game: module 'chess' has no attribute 'pgn'
2025-09-05 14:39:33,308 - WARNING - Error parsing game: module 'chess' has no attribute 'pgn'
2025-09-05 14:39:33,308 - WARNING - Error parsing game: module 'chess' has no attribute 'pgn'
2025-09-05 14:39:33,308 - WARNING - Error parsing game: module 'chess' has no attribute 'pgn'
2025-09-05 14:39:33,309 - WARNING - Error parsing game: module 'chess' has no attribute 'pgn'
2025-09-05 14:39:33,309 - WARNING - Error parsing game: module 'chess' has no attribute 'pgn'
2025-09-05 14:39:33,309 - WARNING - Error parsing game: module 'chess' has no attribute 'pgn'
2025-09-05 14:39:33,309 - WARNING - Error parsing game: module 'chess' has no attribute 'pgn'
2025-09-05 14:39:33,309 - WARNING - Error parsing game: module 'chess' has no attribute 'pgn'
2025-09-05 14:39:33,310 - WARNING - Error parsing game: module 'chess' has no attribute 'pgn'
2025-09-05 14:39:33,310 - WARNING - Error parsing game: module 'chess' has no attribute 'pgn'
2025-09-05 14:39:33,310 - WARNING - Error parsing game: module 'chess' has no attribute 'pgn'
2025-09-05 14:39:33,310 - WARNING - Error parsing game: module 'chess' has no attribute 'pgn'
2025-09-05 14:39:33,310 - WARNING - Error parsing game: module 'chess' has no attribute 'pgn'
2025-09-05 14:39:33,311 - WARNING - Error parsing game: module 'chess' has no attribute 'pgn'
2025-09-05 14:39:33,311 - WARNING - Error parsing game: module 'chess' has no attribute 'pgn'
2025-09-05 14:39:33,311 - WARNING - Error parsing game: module 'chess' has no attribute 'pgn'
2025-09-05 14:39:33,311 - WARNING - Error parsing game: module 'chess' has no attribute 'pgn'
2025-09-05 14:39:33,311 - WARNING - Error parsing game: module 'chess' has no attribute 'pgn'
2025-09-05 14:39:33,312 - WARNING - Error parsing game: module 'chess' has no attribute 'pgn'
2025-09-05 14:39:33,312 - WARNING - Error parsing game: module 'chess' has no attribute 'pgn'
2025-09-05 14:39:33,312 - WARNING - Error parsing game: module 'chess' has no attribute 'pgn'
2025-09-05 14:39:33,312 - WARNING - Error parsing game: module 'chess' has no attribute 'pgn'
2025-09-05 14:39:33,313 - WARNING - Error parsing game: module 'chess' has no attribute 'pgn'
2025-09-05 14:39:33,313 - WARNING - Error parsing game: module 'chess' has no attribute 'pgn'
2025-09-05 14:39:33,313 - WARNING - Error parsing game: module 'chess' has no attribute 'pgn'
2025-09-05 14:39:33,313 - WARNING - Error parsing game: module 'chess' has no attribute 'pgn'
2025-09-05 14:39:33,314 - WARNING - Error parsing game: module 'chess' has no attribute 'pgn'
2025-09-05 14:39:33,314 - WARNING - Error parsing game: module 'chess' has no attribute 'pgn'
2025-09-05 14:39:33,314 - WARNING - Error parsing game: module 'chess' has no attribute 'pgn'
2025-09-05 14:39:33,315 - WARNING - Error parsing game: module 'chess' has no attribute 'pgn'
2025-09-05 14:39:33,989 - WARNING - Error parsing game: module 'chess' has no attribute 'pgn'
2025-09-05 14:39:33,991 - WARNING - Error parsing game: module 'chess' has no attribute 'pgn'
2025-09-05 14:39:33,992 - WARNING - Error parsing game: module 'chess' has no attribute 'pgn'
2025-09-05 14:39:33,993 - WARNING - Error parsing game: module 'chess' has no attribute 'pgn'
2025-09-05 14:39:33,993 - WARNING - Error parsing game: module 'chess' has no attribute 'pgn'
2025-09-05 14:39:33,994 - WARNING - Error parsing game: module 'chess' has no attribute 'pgn'
2025-09-05 14:39:33,994 - WARNING - Error parsing game: module 'chess' has no attribute 'pgn'
2025-09-05 14:39:33,995 - WARNING - Error parsing game: module 'chess' has no attribute 'pgn'
2025-09-05 14:39:34,247 - WARNING - Error parsing game: module 'chess' has no attribute 'pgn'
2025-09-05 14:39:34,249 - WARNING - Error parsing game: module 'chess' has no attribute 'pgn'
2025-09-05 14:39:34,250 - WARNING - Error parsing game: module 'chess' has no attribute 'pgn'
2025-09-05 14:39:34,250 - WARNING - Error parsing game: module 'chess' has no attribute 'pgn'
2025-09-05 14:39:34,251 - WARNING - Error parsing game: module 'chess' has no attribute 'pgn'
2025-09-05 14:39:34,252 - WARNING - Error parsing game: module 'chess' has no attribute 'pgn'
2025-09-05 14:39:34,252 - WARNING - Error parsing game: module 'chess' has no attribute 'pgn'
2025-09-05 14:39:34,253 - WARNING - Error parsing game: module 'chess' has no attribute 'pgn'
2025-09-05 14:39:34,253 - WARNING - Error parsing game: module 'chess' has no attribute 'pgn'
2025-09-05 14:39:34,498 - WARNING - Error parsing game: module 'chess' has no attribute 'pgn'
2025-09-05 14:39:34,499 - WARNING - Error parsing game: module 'chess' has no attribute 'pgn'
2025-09-05 14:39:34,500 - WARNING - Error parsing game: module 'chess' has no attribute 'pgn'
2025-09-05 14:39:34,501 - WARNING - Error parsing game: module 'chess' has no attribute 'pgn'
2025-09-05 14:39:34,502 - WARNING - Error parsing game: module 'chess' has no attribute 'pgn'
2025-09-05 14:39:34,502 - WARNING - Error parsing game: module 'chess' has no attribute 'pgn'
2025-09-05 14:39:34,503 - WARNING - Error parsing game: module 'chess' has no attribute 'pgn'
2025-09-05 14:39:34,504 - WARNING - Error parsing game: module 'chess' has no attribute 'pgn'
2025-09-05 14:39:34,504 - WARNING - Error parsing game: module 'chess' has no attribute 'pgn'
2025-09-05 14:39:34,505 - WARNING - Error parsing game: module 'chess' has no attribute 'pgn'
2025-09-05 14:39:34,505 - WARNING - Error parsing game: module 'chess' has no attribute 'pgn'
2025-09-05 14:39:34,506 - WARNING - Error parsing game: module 'chess' has no attribute 'pgn'
2025-09-05 14:39:34,507 - WARNING - Error parsing game: module 'chess' has no attribute 'pgn'
2025-09-05 14:39:34,508 - WARNING - Error parsing game: module 'chess' has no attribute 'pgn'
2025-09-05 14:39:34,508 - WARNING - Error parsing game: module 'chess' has no attribute 'pgn'
2025-09-05 14:39:34,509 - WARNING - Error parsing game: module 'chess' has no attribute 'pgn'
2025-09-05 14:39:34,509 - WARNING - Error parsing game: module 'chess' has no attribute 'pgn'
2025-09-05 14:39:34,510 - WARNING - Error parsing game: module 'chess' has no attribute 'pgn'
2025-09-05 14:39:34,510 - WARNING - Error parsing game: module 'chess' has no attribute 'pgn'
2025-09-05 14:39:34,511 - WARNING - Error parsing game: module 'chess' has no attribute 'pgn'
2025-09-05 14:39:34,512 - WARNING - Error parsing game: module 'chess' has no attribute 'pgn'
2025-09-05 14:39:34,512 - WARNING - Error parsing game: module 'chess' has no attribute 'pgn'
2025-09-05 14:39:34,512 - WARNING - Error parsing game: module 'chess' has no attribute 'pgn'
2025-09-05 14:39:34,513 - WARNING - Error parsing game: module 'chess' has no attribute 'pgn'
2025-09-05 14:39:34,513 - WARNING - Error parsing game: module 'chess' has no attribute 'pgn'
2025-09-05 14:39:34,514 - WARNING - Error parsing game: module 'chess' has no attribute 'pgn'
2025-09-05 14:39:34,514 - WARNING - Error parsing game: module 'chess' has no attribute 'pgn'
2025-09-05 14:39:34,515 - WARNING - Error parsing game: module 'chess' has no attribute 'pgn'
2025-09-05 14:39:34,515 - WARNING - Error parsing game: module 'chess' has no attribute 'pgn'
2025-09-05 14:39:34,516 - WARNING - Error parsing game: module 'chess' has no attribute 'pgn'
2025-09-05 14:39:34,516 - WARNING - Error parsing game: module 'chess' has no attribute 'pgn'
2025-09-05 14:39:34,517 - WARNING - Error parsing game: module 'chess' has no attribute 'pgn'
2025-09-05 14:39:34,517 - WARNING - Error parsing game: module 'chess' has no attribute 'pgn'
2025-09-05 14:39:34,518 - WARNING - Error parsing game: module 'chess' has no attribute 'pgn'
2025-09-05 14:39:34,753 - WARNING - Error parsing game: module 'chess' has no attribute 'pgn'
2025-09-05 14:39:34,993 - WARNING - Error parsing game: module 'chess' has no attribute 'pgn'
2025-09-05 14:39:35,225 - WARNING - Error parsing game: module 'chess' has no attribute 'pgn'
2025-09-05 14:39:35,456 - WARNING - Error parsing game: module 'chess' has no attribute 'pgn'
2025-09-05 14:39:35,457 - WARNING - Error parsing game: module 'chess' has no attribute 'pgn'
2025-09-05 14:39:35,832 - WARNING - Error parsing game: module 'chess' has no attribute 'pgn'
2025-09-05 14:39:36,243 - WARNING - Error parsing game: module 'chess' has no attribute 'pgn'
2025-09-05 14:39:36,244 - WARNING - Error parsing game: module 'chess' has no attribute 'pgn'
2025-09-05 14:39:36,245 - WARNING - Error parsing game: module 'chess' has no attribute 'pgn'
2025-09-05 14:39:36,246 - WARNING - Error parsing game: module 'chess' has no attribute 'pgn'
2025-09-05 14:39:36,246 - WARNING - Error parsing game: module 'chess' has no attribute 'pgn'
2025-09-05 14:39:36,247 - WARNING - Error parsing game: module 'chess' has no attribute 'pgn'
2025-09-05 14:39:36,482 - WARNING - Error parsing game: module 'chess' has no attribute 'pgn'
2025-09-05 14:39:36,482 - WARNING - Error parsing game: module 'chess' has no attribute 'pgn'
2025-09-05 14:39:36,723 - WARNING - Error parsing game: module 'chess' has no attribute 'pgn'
2025-09-05 14:39:36,724 - WARNING - Error parsing game: module 'chess' has no attribute 'pgn'
2025-09-05 14:39:36,725 - WARNING - Error parsing game: module 'chess' has no attribute 'pgn'
2025-09-05 14:39:37,060 - WARNING - Error parsing game: module 'chess' has no attribute 'pgn'
2025-09-05 14:39:37,572 - WARNING - Error parsing game: module 'chess' has no attribute 'pgn'
2025-09-05 14:39:37,573 - WARNING - Error parsing game: module 'chess' has no attribute 'pgn'
2025-09-05 14:39:37,574 - WARNING - Error parsing game: module 'chess' has no attribute 'pgn'
2025-09-05 14:39:37,575 - WARNING - Error parsing game: module 'chess' has no attribute 'pgn'
2025-09-05 14:39:37,575 - WARNING - Error parsing game: module 'chess' has no attribute 'pgn'
2025-09-05 14:39:37,576 - WARNING - Error parsing game: module 'chess' has no attribute 'pgn'
2025-09-05 14:39:37,847 - WARNING - Error parsing game: module 'chess' has no attribute 'pgn'
2025-09-05 14:39:38,104 - WARNING - Error parsing game: module 'chess' has no attribute 'pgn'
2025-09-05 14:39:38,391 - WARNING - Error parsing game: module 'chess' has no attribute 'pgn'
2025-09-05 14:39:38,395 - INFO - Parsed 0 games successfully
2025-09-05 14:39:38,401 - INFO - Created DataFrame with 0 games
2025-09-05 14:39:38,410 - INFO - Cleaning and filtering data...
2025-09-05 14:44:02,200 - INFO - ==================================================
2025-09-05 14:44:02,200 - INFO - Starting Chess Player Modeling at 2025-09-05 14:44:02.200705
2025-09-05 14:44:02,200 - INFO - ==================================================
2025-09-05 14:44:02,203 - INFO - Fetching archives from: https://api.chess.com/pub/player/iambronze/games/archives
2025-09-05 14:44:02,484 - INFO - Found 28 monthly archives
2025-09-05 14:44:02,503 - INFO - Starting game parsing...
2025-09-05 14:44:12,677 - INFO - Parsed 524 games successfully
2025-09-05 14:44:12,681 - INFO - Created DataFrame with 524 games
2025-09-05 14:44:12,686 - INFO - Cleaning and filtering data...
2025-09-05 14:44:12,689 - INFO - Removed 11 games with no moves
2025-09-05 14:44:12,692 - INFO - Removed games with invalid termination: 524
2025-09-05 14:44:12,692 - INFO - Removed short games (<10 moves): 524
2025-09-05 14:44:12,694 - INFO - Removed games where user wasn't playing: 524
2025-09-05 14:44:12,695 - INFO - After filtering: 0 games remain (0.0% of original)
2025-09-05 14:44:12,699 - INFO - Generating training examples...
2025-09-05 14:44:12,701 - INFO - Generated 0 training examples
2025-09-05 14:44:12,704 - INFO - Creating train/val split (90%/10%)
2025-09-05 14:44:12,705 - INFO - Train examples: 0, Validation examples: 0
2025-09-05 14:44:12,709 - INFO - Wrote 0 examples to chess_training_data/train.jsonl
2025-09-05 14:44:12,710 - INFO - Wrote 0 examples to chess_training_data/val.jsonl
2025-09-05 14:44:12,710 - INFO - Wrote ChatML format to chess_training_data/train_chatml.json
2025-09-05 14:44:12,711 - INFO - Wrote ChatML format to chess_training_data/val_chatml.json
2025-09-05 14:44:12,712 - WARNING - datasets library not installed - skipping Hugging Face format
2025-09-05 14:44:12,715 - INFO - 
==================================================
2025-09-05 14:44:12,716 - INFO - DATA ANALYSIS REPORT
2025-09-05 14:44:12,716 - INFO - ==================================================
2025-09-05 14:44:12,716 - INFO - 
Total games analyzed: 0
2025-09-05 14:44:12,717 - INFO - Total moves analyzed: 0
2025-09-05 14:44:12,717 - INFO - Average game length: nan moves
2025-09-05 14:44:12,717 - INFO - 
Time control distribution:
2025-09-05 14:44:12,718 - INFO - 
No valid ECO codes found in the data
2025-09-05 14:44:12,718 - INFO - 
Total training examples: 0
2025-09-05 14:45:38,935 - INFO - Successfully imported chess and chess.pgn modules
2025-09-05 14:49:19,604 - INFO - ==================================================
2025-09-05 14:49:19,605 - INFO - Starting Chess Player Modeling at 2025-09-05 14:49:19.605052
2025-09-05 14:49:19,605 - INFO - ==================================================
2025-09-05 14:49:19,608 - INFO - Fetching archives from: https://api.chess.com/pub/player/iambronze/games/archives
2025-09-05 14:49:19,865 - INFO - Found 28 monthly archives
2025-09-05 14:49:19,883 - INFO - Starting game parsing...
2025-09-05 14:49:30,158 - INFO - Parsed 524 games successfully
2025-09-05 14:49:30,162 - INFO - Created DataFrame with 524 games
2025-09-05 14:49:30,166 - INFO - Cleaning and filtering data...
2025-09-05 14:49:30,168 - INFO - Removed 11 games with no moves
2025-09-05 14:49:30,170 - INFO - Removed games with invalid termination: 524
2025-09-05 14:49:30,170 - INFO - Removed short games (<10 moves): 524
2025-09-05 14:49:30,172 - INFO - Removed games where user wasn't playing: 524
2025-09-05 14:49:30,172 - INFO - After filtering: 0 games remain (0.0% of original)
2025-09-05 14:49:30,176 - INFO - Generating training examples...
2025-09-05 14:49:30,178 - INFO - Generated 0 training examples
2025-09-05 14:49:30,181 - INFO - Creating train/val split (90%/10%)
2025-09-05 14:49:30,181 - INFO - Train examples: 0, Validation examples: 0
2025-09-05 14:49:30,186 - INFO - Wrote 0 examples to chess_training_data/train.jsonl
2025-09-05 14:49:30,186 - INFO - Wrote 0 examples to chess_training_data/val.jsonl
2025-09-05 14:49:30,187 - INFO - Wrote ChatML format to chess_training_data/train_chatml.json
2025-09-05 14:49:30,187 - INFO - Wrote ChatML format to chess_training_data/val_chatml.json
2025-09-05 14:49:30,187 - WARNING - datasets library not installed - skipping Hugging Face format
